2026.03.06 21:39:26 INFO  Started: Metals version 1.6.6 in folders 'D:\Dropbox\Family\Ali EUI\Software Design and Development\Project\E-Commerce-OMS' for client Visual Studio Code 1.110.0.
2026.03.06 21:39:26 INFO  Memory monitor started
2026.03.06 21:39:28 WARN  Using H2 2.4.240 which is newer than the version Flyway has been verified with. The latest verified version of H2 is 2.3.232.
2026.03.06 21:39:28 INFO  no build target found for D:\Dropbox\Family\Ali EUI\Software Design and Development\Project\E-Commerce-OMS\eoms\src\main\java\com\eoms\Controller\ManageProductCatalogController.java. Using fallback presentation compiler.
2026.03.06 21:39:29 INFO  no build target found for D:\Dropbox\Family\Ali EUI\Software Design and Development\Project\E-Commerce-OMS\eoms\src\main\java\com\eoms\Controller\ManageProductCatalogController.java. Using fallback presentation compiler.
2026.03.06 21:39:29 INFO  Attempting to connect to the build server...
2026.03.06 21:39:29 INFO  Found a Bloop server running
2026.03.06 21:39:31 INFO  tracing is disabled for protocol BSP, to enable tracing of incoming and outgoing JSON messages create an empty file at D:\Dropbox\Family\Ali EUI\Software Design and Development\Project\E-Commerce-OMS\.metals\bsp.trace.json or C:\Users\Lenovo\AppData\Local\scalameta\metals\cache\bsp.trace.json
2026.03.06 21:39:31 INFO  time: Connected to build server in 1.21s
2026.03.06 21:39:31 INFO  Connected to Build server: Bloop v2.0.19
2026.03.06 21:39:31 INFO  time: Imported build in 0.15s
2026.03.06 21:39:39 WARN  Using H2 2.4.240 which is newer than the version Flyway has been verified with. The latest verified version of H2 is 2.3.232.
2026.03.06 21:39:39 INFO  time: indexed workspace in 8.74s
2026.03.06 21:39:40 WARN  no build target for: D:\Dropbox\Family\Ali EUI\Software Design and Development\Project\E-Commerce-OMS\eoms\src\main\java\com\eoms\inventory\InventoryManager.java
2026.03.06 21:39:40 WARN  no build target for: D:\Dropbox\Family\Ali EUI\Software Design and Development\Project\E-Commerce-OMS\eoms\src\main\java\com\eoms\Controller\ManageProductCatalogController.java
2026.03.06 21:39:40 WARN  no build target for: D:\Dropbox\Family\Ali EUI\Software Design and Development\Project\E-Commerce-OMS\eoms\src\main\java\com\eoms\Controller\ManageProductCatalogController.java
2026.03.06 21:39:40 WARN  no build target for: D:\Dropbox\Family\Ali EUI\Software Design and Development\Project\E-Commerce-OMS\eoms\src\main\java\com\eoms\inventory\InventoryManager.java
2026.03.06 21:39:40 INFO  no build target found for D:\Dropbox\Family\Ali EUI\Software Design and Development\Project\E-Commerce-OMS\eoms\src\main\java\com\eoms\Controller\ManageProductCatalogController.java. Using fallback presentation compiler.
2026.03.06 21:39:40 WARN  Running javac-semanticdb failed for file:///D:/Dropbox/Family/Ali%20EUI/Software%20Design%20and%20Development/Project/E-Commerce-OMS/eoms/src/main/java/com/eoms/Controller/ManageProductCatalogController.java. Output:

2026.03.06 21:39:40 WARN  Running javac-semanticdb failed for file:///D:/Dropbox/Family/Ali%20EUI/Software%20Design%20and%20Development/Project/E-Commerce-OMS/eoms/src/main/java/com/eoms/inventory/InventoryManager.java. Output:

2026.03.06 21:39:41 INFO  no build target found for D:\Dropbox\Family\Ali EUI\Software Design and Development\Project\E-Commerce-OMS\eoms\src\main\java\com\eoms\Controller\ManageProductCatalogController.java. Using fallback presentation compiler.
2026.03.06 21:39:43 INFO  no build target found for D:\Dropbox\Family\Ali EUI\Software Design and Development\Project\E-Commerce-OMS\eoms\src\main\java\com\eoms\Controller\ManageProductCatalogController.java. Using fallback presentation compiler.
2026.03.06 21:39:43 INFO  no build target found for D:\Dropbox\Family\Ali EUI\Software Design and Development\Project\E-Commerce-OMS\eoms\src\main\java\com\eoms\Controller\ManageProductCatalogController.java. Using fallback presentation compiler.
2026.03.06 21:39:46 INFO  no build target found for D:\Dropbox\Family\Ali EUI\Software Design and Development\Project\E-Commerce-OMS\eoms\src\main\java\com\eoms\Controller\ManageProductCatalogController.java. Using fallback presentation compiler.
2026.03.06 21:39:47 INFO  no build target found for D:\Dropbox\Family\Ali EUI\Software Design and Development\Project\E-Commerce-OMS\eoms\src\main\java\com\eoms\Controller\ManageProductCatalogController.java. Using fallback presentation compiler.
Mar 06, 2026 9:39:48 PM org.eclipse.lsp4j.jsonrpc.RemoteEndpoint handleCancellation
WARNING: Unmatched cancel notification for request id 17
2026.03.06 21:39:55 WARN  no build target for: D:\Dropbox\Family\Ali EUI\Software Design and Development\Project\E-Commerce-OMS\eoms\src\main\java\com\eoms\Main.java
2026.03.06 21:39:55 INFO  no build target found for D:\Dropbox\Family\Ali EUI\Software Design and Development\Project\E-Commerce-OMS\eoms\src\main\java\com\eoms\Main.java. Using fallback presentation compiler.
Mar 06, 2026 9:39:56 PM org.eclipse.lsp4j.jsonrpc.RemoteEndpoint handleCancellation
WARNING: Unmatched cancel notification for request id 22
2026.03.06 21:39:56 INFO  no build target found for D:\Dropbox\Family\Ali EUI\Software Design and Development\Project\E-Commerce-OMS\eoms\src\main\java\com\eoms\Main.java. Using fallback presentation compiler.
2026.03.06 21:39:56 WARN  Running javac-semanticdb failed for file:///D:/Dropbox/Family/Ali%20EUI/Software%20Design%20and%20Development/Project/E-Commerce-OMS/eoms/src/main/java/com/eoms/Main.java. Output:

2026.03.06 21:39:56 INFO  no build target found for D:\Dropbox\Family\Ali EUI\Software Design and Development\Project\E-Commerce-OMS\eoms\src\main\java\com\eoms\Main.java. Using fallback presentation compiler.
2026.03.06 21:40:02 INFO  no build target found for D:\Dropbox\Family\Ali EUI\Software Design and Development\Project\E-Commerce-OMS\eoms\src\main\java\com\eoms\Main.java. Using fallback presentation compiler.
2026.03.06 21:40:04 INFO  no build target found for D:\Dropbox\Family\Ali EUI\Software Design and Development\Project\E-Commerce-OMS\eoms\src\main\java\com\eoms\Main.java. Using fallback presentation compiler.
Mar 06, 2026 9:40:05 PM org.eclipse.lsp4j.jsonrpc.services.GenericEndpoint notify
INFO: Unsupported notification method: $/setTrace
2026.03.06 21:40:06 INFO  no build target found for D:\Dropbox\Family\Ali EUI\Software Design and Development\Project\E-Commerce-OMS\eoms\src\main\java\com\eoms\Main.java. Using fallback presentation compiler.
Mar 06, 2026 9:40:12 PM org.eclipse.lsp4j.jsonrpc.services.GenericEndpoint notify
INFO: Unsupported notification method: $/setTrace
2026.03.06 21:40:12 INFO  no build target found for D:\Dropbox\Family\Ali EUI\Software Design and Development\Project\E-Commerce-OMS\eoms\src\main\java\com\eoms\Main.java. Using fallback presentation compiler.
2026.03.06 21:40:17 INFO  no build target found for D:\Dropbox\Family\Ali EUI\Software Design and Development\Project\E-Commerce-OMS\eoms\src\main\java\com\eoms\Main.java. Using fallback presentation compiler.
2026.03.06 21:41:01 INFO  no build target found for D:\Dropbox\Family\Ali EUI\Software Design and Development\Project\E-Commerce-OMS\eoms\src\main\java\com\eoms\Controller\ManageProductCatalogController.java. Using fallback presentation compiler.
2026.03.06 21:41:01 WARN  no build target for: D:\Dropbox\Family\Ali EUI\Software Design and Development\Project\E-Commerce-OMS\eoms\src\main\java\com\eoms\Controller\ManageProductCatalogController.java
2026.03.06 21:41:01 INFO  no build target found for D:\Dropbox\Family\Ali EUI\Software Design and Development\Project\E-Commerce-OMS\eoms\src\main\java\com\eoms\Controller\ManageProductCatalogController.java. Using fallback presentation compiler.
2026.03.06 21:41:01 INFO  no build target found for D:\Dropbox\Family\Ali EUI\Software Design and Development\Project\E-Commerce-OMS\eoms\src\main\java\com\eoms\Controller\ManageProductCatalogController.java. Using fallback presentation compiler.
Mar 06, 2026 9:41:02 PM org.eclipse.lsp4j.jsonrpc.RemoteEndpoint handleCancellation
WARNING: Unmatched cancel notification for request id 47
2026.03.06 21:42:03 INFO  no build target found for D:\Dropbox\Family\Ali EUI\Software Design and Development\Project\E-Commerce-OMS\eoms\src\main\java\com\eoms\Main.java. Using fallback presentation compiler.
2026.03.06 21:42:03 WARN  no build target for: D:\Dropbox\Family\Ali EUI\Software Design and Development\Project\E-Commerce-OMS\eoms\src\main\java\com\eoms\Main.java
2026.03.06 21:42:03 INFO  no build target found for D:\Dropbox\Family\Ali EUI\Software Design and Development\Project\E-Commerce-OMS\eoms\src\main\java\com\eoms\Main.java. Using fallback presentation compiler.
2026.03.06 21:42:06 INFO  no build target found for D:\Dropbox\Family\Ali EUI\Software Design and Development\Project\E-Commerce-OMS\eoms\src\main\java\com\eoms\Main.java. Using fallback presentation compiler.
2026.03.06 21:42:07 INFO  no build target found for D:\Dropbox\Family\Ali EUI\Software Design and Development\Project\E-Commerce-OMS\eoms\src\main\java\com\eoms\Controller\ManageProductCatalogController.java. Using fallback presentation compiler.
2026.03.06 21:42:07 WARN  no build target for: D:\Dropbox\Family\Ali EUI\Software Design and Development\Project\E-Commerce-OMS\eoms\src\main\java\com\eoms\Controller\ManageProductCatalogController.java
2026.03.06 21:42:08 INFO  no build target found for D:\Dropbox\Family\Ali EUI\Software Design and Development\Project\E-Commerce-OMS\eoms\src\main\java\com\eoms\Controller\ManageProductCatalogController.java. Using fallback presentation compiler.
2026.03.06 21:42:11 INFO  no build target found for D:\Dropbox\Family\Ali EUI\Software Design and Development\Project\E-Commerce-OMS\eoms\src\main\java\com\eoms\Main.java. Using fallback presentation compiler.
2026.03.06 21:42:12 WARN  no build target for: D:\Dropbox\Family\Ali EUI\Software Design and Development\Project\E-Commerce-OMS\eoms\src\main\java\com\eoms\Main.java
2026.03.06 21:42:12 INFO  no build target found for D:\Dropbox\Family\Ali EUI\Software Design and Development\Project\E-Commerce-OMS\eoms\src\main\java\com\eoms\Main.java. Using fallback presentation compiler.
2026.03.06 21:42:14 INFO  no build target found for D:\Dropbox\Family\Ali EUI\Software Design and Development\Project\E-Commerce-OMS\eoms\src\main\java\com\eoms\Controller\ManageProductCatalogController.java. Using fallback presentation compiler.
2026.03.06 21:42:14 WARN  no build target for: D:\Dropbox\Family\Ali EUI\Software Design and Development\Project\E-Commerce-OMS\eoms\src\main\java\com\eoms\Controller\ManageProductCatalogController.java
2026.03.06 21:42:14 INFO  no build target found for D:\Dropbox\Family\Ali EUI\Software Design and Development\Project\E-Commerce-OMS\eoms\src\main\java\com\eoms\Controller\ManageProductCatalogController.java. Using fallback presentation compiler.
2026.03.06 21:42:18 INFO  no build target found for D:\Dropbox\Family\Ali EUI\Software Design and Development\Project\E-Commerce-OMS\eoms\src\main\java\com\eoms\inventory\InventoryManager.java. Using fallback presentation compiler.
2026.03.06 21:42:19 WARN  no build target for: D:\Dropbox\Family\Ali EUI\Software Design and Development\Project\E-Commerce-OMS\eoms\src\main\java\com\eoms\inventory\InventoryManager.java
2026.03.06 21:42:19 INFO  no build target found for D:\Dropbox\Family\Ali EUI\Software Design and Development\Project\E-Commerce-OMS\eoms\src\main\java\com\eoms\inventory\InventoryManager.java. Using fallback presentation compiler.
2026.03.06 21:42:23 INFO  no build target found for D:\Dropbox\Family\Ali EUI\Software Design and Development\Project\E-Commerce-OMS\eoms\src\main\java\com\eoms\Main.java. Using fallback presentation compiler.
2026.03.06 21:42:23 WARN  no build target for: D:\Dropbox\Family\Ali EUI\Software Design and Development\Project\E-Commerce-OMS\eoms\src\main\java\com\eoms\Main.java
2026.03.06 21:42:23 INFO  no build target found for D:\Dropbox\Family\Ali EUI\Software Design and Development\Project\E-Commerce-OMS\eoms\src\main\java\com\eoms\Main.java. Using fallback presentation compiler.
2026.03.06 21:43:01 INFO  no build target found for D:\Dropbox\Family\Ali EUI\Software Design and Development\Project\E-Commerce-OMS\eoms\src\main\java\com\eoms\Main.java. Using fallback presentation compiler.
2026.03.06 21:43:07 INFO  no build target found for D:\Dropbox\Family\Ali EUI\Software Design and Development\Project\E-Commerce-OMS\eoms\src\main\java\com\eoms\Main.java. Using fallback presentation compiler.
2026.03.06 21:43:07 WARN  no build target for: D:\Dropbox\Family\Ali EUI\Software Design and Development\Project\E-Commerce-OMS\eoms\src\main\java\com\eoms\Boundary\ProductCatalogView.java
2026.03.06 21:43:07 INFO  no build target found for D:\Dropbox\Family\Ali EUI\Software Design and Development\Project\E-Commerce-OMS\eoms\src\main\java\com\eoms\Boundary\ProductCatalogView.java. Using fallback presentation compiler.
2026.03.06 21:43:07 INFO  no build target found for D:\Dropbox\Family\Ali EUI\Software Design and Development\Project\E-Commerce-OMS\eoms\src\main\java\com\eoms\Boundary\ProductCatalogView.java. Using fallback presentation compiler.
2026.03.06 21:43:07 WARN  Running javac-semanticdb failed for file:///D:/Dropbox/Family/Ali%20EUI/Software%20Design%20and%20Development/Project/E-Commerce-OMS/eoms/src/main/java/com/eoms/Boundary/ProductCatalogView.java. Output:

2026.03.06 21:43:07 INFO  no build target found for D:\Dropbox\Family\Ali EUI\Software Design and Development\Project\E-Commerce-OMS\eoms\src\main\java\com\eoms\Boundary\ProductCatalogView.java. Using fallback presentation compiler.
2026.03.06 21:43:08 INFO  no build target found for D:\Dropbox\Family\Ali EUI\Software Design and Development\Project\E-Commerce-OMS\eoms\src\main\java\com\eoms\Boundary\ProductCatalogView.java. Using fallback presentation compiler.
2026.03.06 21:43:07 INFO  no build target found for D:\Dropbox\Family\Ali EUI\Software Design and Development\Project\E-Commerce-OMS\eoms\src\main\java\com\eoms\Boundary\ProductCatalogView.java. Using fallback presentation compiler.
2026.03.06 21:43:30 INFO  no build target found for D:\Dropbox\Family\Ali EUI\Software Design and Development\Project\E-Commerce-OMS\eoms\src\main\java\com\eoms\Boundary\ProductCatalogView.java. Using fallback presentation compiler.
2026.03.06 21:43:30 INFO  no build target found for D:\Dropbox\Family\Ali EUI\Software Design and Development\Project\E-Commerce-OMS\eoms\src\main\java\com\eoms\Boundary\ProductCatalogView.java. Using fallback presentation compiler.
2026.03.06 21:43:30 INFO  no build target found for D:\Dropbox\Family\Ali EUI\Software Design and Development\Project\E-Commerce-OMS\eoms\src\main\java\com\eoms\Boundary\ProductCatalogView.java. Using fallback presentation compiler.
2026.03.06 21:43:30 INFO  no build target found for D:\Dropbox\Family\Ali EUI\Software Design and Development\Project\E-Commerce-OMS\eoms\src\main\java\com\eoms\Boundary\ProductCatalogView.java. Using fallback presentation compiler.
Mar 06, 2026 9:43:31 PM org.eclipse.lsp4j.jsonrpc.RemoteEndpoint handleCancellation
WARNING: Unmatched cancel notification for request id 128
2026.03.06 21:43:31 WARN  no build target for: D:\Dropbox\Family\Ali EUI\Software Design and Development\Project\E-Commerce-OMS\eoms\src\main\java\com\eoms\Main.java
2026.03.06 21:43:31 INFO  no build target found for D:\Dropbox\Family\Ali EUI\Software Design and Development\Project\E-Commerce-OMS\eoms\src\main\java\com\eoms\Boundary\ProductCatalogView.java. Using fallback presentation compiler.
2026.03.06 21:43:31 WARN  Running javac-semanticdb failed for file:///D:/Dropbox/Family/Ali%20EUI/Software%20Design%20and%20Development/Project/E-Commerce-OMS/eoms/src/main/java/com/eoms/Main.java. Output:

2026.03.06 21:43:33 INFO  no build target found for D:\Dropbox\Family\Ali EUI\Software Design and Development\Project\E-Commerce-OMS\eoms\src\main\java\com\eoms\Boundary\ProductCatalogView.java. Using fallback presentation compiler.
2026.03.06 21:43:34 INFO  no build target found for D:\Dropbox\Family\Ali EUI\Software Design and Development\Project\E-Commerce-OMS\eoms\src\main\java\com\eoms\Boundary\ProductCatalogView.java. Using fallback presentation compiler.
2026.03.06 21:43:38 WARN  no build target for: D:\Dropbox\Family\Ali EUI\Software Design and Development\Project\E-Commerce-OMS\eoms\src\main\java\com\eoms\entity\Product.java
2026.03.06 21:43:38 INFO  no build target found for D:\Dropbox\Family\Ali EUI\Software Design and Development\Project\E-Commerce-OMS\eoms\src\main\java\com\eoms\Boundary\ProductCatalogView.java. Using fallback presentation compiler.
2026.03.06 21:43:38 WARN  Running javac-semanticdb failed for file:///D:/Dropbox/Family/Ali%20EUI/Software%20Design%20and%20Development/Project/E-Commerce-OMS/eoms/src/main/java/com/eoms/entity/Product.java. Output:

2026.03.06 21:43:48 INFO  no build target found for D:\Dropbox\Family\Ali EUI\Software Design and Development\Project\E-Commerce-OMS\eoms\src\main\java\com\eoms\Controller\ManageProductCatalogController.java. Using fallback presentation compiler.
2026.03.06 21:43:48 WARN  no build target for: D:\Dropbox\Family\Ali EUI\Software Design and Development\Project\E-Commerce-OMS\eoms\src\main\java\com\eoms\Controller\ManageProductCatalogController.java
2026.03.06 21:43:48 INFO  no build target found for D:\Dropbox\Family\Ali EUI\Software Design and Development\Project\E-Commerce-OMS\eoms\src\main\java\com\eoms\Boundary\ProductCatalogView.java. Using fallback presentation compiler.
2026.03.06 21:43:48 WARN  Running javac-semanticdb failed for file:///D:/Dropbox/Family/Ali%20EUI/Software%20Design%20and%20Development/Project/E-Commerce-OMS/eoms/src/main/java/com/eoms/Controller/ManageProductCatalogController.java. Output:

2026.03.06 21:45:01 WARN  no build target for: D:\Dropbox\Family\Ali EUI\Software Design and Development\Project\E-Commerce-OMS\eoms\src\main\java\com\eoms\Controller\PlaceOrderController.java
2026.03.06 21:45:01 WARN  Running javac-semanticdb failed for file:///D:/Dropbox/Family/Ali%20EUI/Software%20Design%20and%20Development/Project/E-Commerce-OMS/eoms/src/main/java/com/eoms/Controller/PlaceOrderController.java. Output:

2026.03.06 21:45:01 INFO  no build target found for D:\Dropbox\Family\Ali EUI\Software Design and Development\Project\E-Commerce-OMS\eoms\src\main\java\com\eoms\Boundary\ProductCatalogView.java. Using fallback presentation compiler.
2026.03.06 21:45:02 INFO  no build target found for D:\Dropbox\Family\Ali EUI\Software Design and Development\Project\E-Commerce-OMS\eoms\src\main\java\com\eoms\Controller\ManageProductCatalogController.java. Using fallback presentation compiler.
2026.03.06 21:45:02 INFO  no build target found for D:\Dropbox\Family\Ali EUI\Software Design and Development\Project\E-Commerce-OMS\eoms\src\main\java\com\eoms\Controller\ManageProductCatalogController.java. Using fallback presentation compiler.
2026.03.06 21:45:02 INFO  no build target found for D:\Dropbox\Family\Ali EUI\Software Design and Development\Project\E-Commerce-OMS\eoms\src\main\java\com\eoms\Controller\PlaceOrderController.java. Using fallback presentation compiler.
2026.03.06 21:45:02 INFO  no build target found for D:\Dropbox\Family\Ali EUI\Software Design and Development\Project\E-Commerce-OMS\eoms\src\main\java\com\eoms\Controller\ManageProductCatalogController.java. Using fallback presentation compiler.
2026.03.06 21:45:02 INFO  no build target found for D:\Dropbox\Family\Ali EUI\Software Design and Development\Project\E-Commerce-OMS\eoms\src\main\java\com\eoms\Controller\PlaceOrderController.java. Using fallback presentation compiler.
2026.03.06 21:45:15 INFO  no build target found for D:\Dropbox\Family\Ali EUI\Software Design and Development\Project\E-Commerce-OMS\eoms\src\main\java\com\eoms\Controller\ManageProductCatalogController.java. Using fallback presentation compiler.
2026.03.06 21:45:15 WARN  no build target for: D:\Dropbox\Family\Ali EUI\Software Design and Development\Project\E-Commerce-OMS\eoms\src\main\java\com\eoms\Controller\ManageProductCatalogController.java
2026.03.06 21:45:15 INFO  no build target found for D:\Dropbox\Family\Ali EUI\Software Design and Development\Project\E-Commerce-OMS\eoms\src\main\java\com\eoms\Controller\ManageProductCatalogController.java. Using fallback presentation compiler.
2026.03.06 21:45:53 INFO  no build target found for D:\Dropbox\Family\Ali EUI\Software Design and Development\Project\E-Commerce-OMS\eoms\src\main\java\com\eoms\Controller\ManageProductCatalogController.java. Using fallback presentation compiler.
2026.03.06 21:46:31 INFO  no build target found for D:\Dropbox\Family\Ali EUI\Software Design and Development\Project\E-Commerce-OMS\eoms\src\main\java\com\eoms\Main.java. Using fallback presentation compiler.
2026.03.06 21:46:38 INFO  no build target found for D:\Dropbox\Family\Ali EUI\Software Design and Development\Project\E-Commerce-OMS\eoms\src\main\java\com\eoms\entity\Product.java. Using fallback presentation compiler.
2026.03.06 21:46:45 INFO  no build target found for D:\Dropbox\Family\Ali EUI\Software Design and Development\Project\E-Commerce-OMS\eoms\src\main\java\com\eoms\Controller\ManageProductCatalogController.java. Using fallback presentation compiler.
2026.03.06 21:46:45 WARN  no build target for: D:\Dropbox\Family\Ali EUI\Software Design and Development\Project\E-Commerce-OMS\eoms\src\main\java\com\eoms\Controller\ManageProductCatalogController.java
2026.03.06 21:46:45 WARN  Running javac-semanticdb failed for file:///D:/Dropbox/Family/Ali%20EUI/Software%20Design%20and%20Development/Project/E-Commerce-OMS/eoms/src/main/java/com/eoms/Controller/ManageProductCatalogController.java. Output:

2026.03.06 21:46:45 INFO  no build target found for D:\Dropbox\Family\Ali EUI\Software Design and Development\Project\E-Commerce-OMS\eoms\src\main\java\com\eoms\Controller\ManageProductCatalogController.java. Using fallback presentation compiler.
2026.03.06 21:46:45 INFO  no build target found for D:\Dropbox\Family\Ali EUI\Software Design and Development\Project\E-Commerce-OMS\eoms\src\main\java\com\eoms\Controller\ManageProductCatalogController.java. Using fallback presentation compiler.
2026.03.06 21:46:46 INFO  no build target found for D:\Dropbox\Family\Ali EUI\Software Design and Development\Project\E-Commerce-OMS\eoms\src\main\java\com\eoms\Controller\ManageProductCatalogController.java. Using fallback presentation compiler.
2026.03.06 21:46:48 INFO  no build target found for D:\Dropbox\Family\Ali EUI\Software Design and Development\Project\E-Commerce-OMS\eoms\src\main\java\com\eoms\Controller\ManageProductCatalogController.java. Using fallback presentation compiler.
2026.03.06 21:46:48 INFO  no build target found for D:\Dropbox\Family\Ali EUI\Software Design and Development\Project\E-Commerce-OMS\eoms\src\main\java\com\eoms\Controller\ManageProductCatalogController.java. Using fallback presentation compiler.
2026.03.06 21:46:50 INFO  no build target found for D:\Dropbox\Family\Ali EUI\Software Design and Development\Project\E-Commerce-OMS\eoms\src\main\java\com\eoms\Controller\ManageProductCatalogController.java. Using fallback presentation compiler.
2026.03.06 21:47:01 INFO  no build target found for D:\Dropbox\Family\Ali EUI\Software Design and Development\Project\E-Commerce-OMS\eoms\src\main\java\com\eoms\Controller\ManageProductCatalogController.java. Using fallback presentation compiler.
2026.03.06 21:47:01 INFO  no build target found for D:\Dropbox\Family\Ali EUI\Software Design and Development\Project\E-Commerce-OMS\eoms\src\main\java\com\eoms\Controller\ManageProductCatalogController.java. Using fallback presentation compiler.
2026.03.06 21:47:01 INFO  no build target found for D:\Dropbox\Family\Ali EUI\Software Design and Development\Project\E-Commerce-OMS\eoms\src\main\java\com\eoms\Controller\ManageProductCatalogController.java. Using fallback presentation compiler.
2026.03.06 21:47:04 INFO  no build target found for D:\Dropbox\Family\Ali EUI\Software Design and Development\Project\E-Commerce-OMS\eoms\src\main\java\com\eoms\Controller\ManageProductCatalogController.java. Using fallback presentation compiler.
2026.03.06 21:47:04 INFO  no build target found for D:\Dropbox\Family\Ali EUI\Software Design and Development\Project\E-Commerce-OMS\eoms\src\main\java\com\eoms\Controller\ManageProductCatalogController.java. Using fallback presentation compiler.
2026.03.06 21:47:04 INFO  no build target found for D:\Dropbox\Family\Ali EUI\Software Design and Development\Project\E-Commerce-OMS\eoms\src\main\java\com\eoms\Controller\ManageProductCatalogController.java. Using fallback presentation compiler.
2026.03.06 21:47:12 INFO  no build target found for D:\Dropbox\Family\Ali EUI\Software Design and Development\Project\E-Commerce-OMS\eoms\src\main\java\com\eoms\Controller\ManageProductCatalogController.java. Using fallback presentation compiler.
2026.03.06 21:47:12 INFO  no build target found for D:\Dropbox\Family\Ali EUI\Software Design and Development\Project\E-Commerce-OMS\eoms\src\main\java\com\eoms\Controller\ManageProductCatalogController.java. Using fallback presentation compiler.
2026.03.06 21:47:14 INFO  no build target found for D:\Dropbox\Family\Ali EUI\Software Design and Development\Project\E-Commerce-OMS\eoms\src\main\java\com\eoms\Controller\ManageProductCatalogController.java. Using fallback presentation compiler.
2026.03.06 21:47:14 INFO  no build target found for D:\Dropbox\Family\Ali EUI\Software Design and Development\Project\E-Commerce-OMS\eoms\src\main\java\com\eoms\Controller\ManageProductCatalogController.java. Using fallback presentation compiler.
2026.03.06 21:47:14 INFO  no build target found for D:\Dropbox\Family\Ali EUI\Software Design and Development\Project\E-Commerce-OMS\eoms\src\main\java\com\eoms\Controller\ManageProductCatalogController.java. Using fallback presentation compiler.
2026.03.06 21:47:15 INFO  no build target found for D:\Dropbox\Family\Ali EUI\Software Design and Development\Project\E-Commerce-OMS\eoms\src\main\java\com\eoms\Controller\ManageProductCatalogController.java. Using fallback presentation compiler.
2026.03.06 21:47:18 INFO  no build target found for D:\Dropbox\Family\Ali EUI\Software Design and Development\Project\E-Commerce-OMS\eoms\src\main\java\com\eoms\Controller\ManageProductCatalogController.java. Using fallback presentation compiler.
2026.03.06 21:47:18 INFO  no build target found for D:\Dropbox\Family\Ali EUI\Software Design and Development\Project\E-Commerce-OMS\eoms\src\main\java\com\eoms\Controller\ManageProductCatalogController.java. Using fallback presentation compiler.
2026.03.06 21:47:18 INFO  no build target found for D:\Dropbox\Family\Ali EUI\Software Design and Development\Project\E-Commerce-OMS\eoms\src\main\java\com\eoms\Controller\ManageProductCatalogController.java. Using fallback presentation compiler.
2026.03.06 21:47:18 INFO  no build target found for D:\Dropbox\Family\Ali EUI\Software Design and Development\Project\E-Commerce-OMS\eoms\src\main\java\com\eoms\Controller\ManageProductCatalogController.java. Using fallback presentation compiler.
2026.03.06 21:47:18 WARN  Running javac-semanticdb failed for file:///D:/Dropbox/Family/Ali%20EUI/Software%20Design%20and%20Development/Project/E-Commerce-OMS/eoms/src/main/java/com/eoms/Controller/ManageProductCatalogController.java. Output:

2026.03.06 21:47:18 INFO  no build target found for D:\Dropbox\Family\Ali EUI\Software Design and Development\Project\E-Commerce-OMS\eoms\src\main\java\com\eoms\Controller\ManageProductCatalogController.java. Using fallback presentation compiler.
2026.03.06 21:47:19 INFO  no build target found for D:\Dropbox\Family\Ali EUI\Software Design and Development\Project\E-Commerce-OMS\eoms\src\main\java\com\eoms\Controller\ManageProductCatalogController.java. Using fallback presentation compiler.
2026.03.06 21:47:19 INFO  no build target found for D:\Dropbox\Family\Ali EUI\Software Design and Development\Project\E-Commerce-OMS\eoms\src\main\java\com\eoms\Controller\ManageProductCatalogController.java. Using fallback presentation compiler.
2026.03.06 21:47:20 WARN  Running javac-semanticdb failed for file:///D:/Dropbox/Family/Ali%20EUI/Software%20Design%20and%20Development/Project/E-Commerce-OMS/eoms/src/main/java/com/eoms/Controller/ManageProductCatalogController.java. Output:

2026.03.06 21:47:20 INFO  no build target found for D:\Dropbox\Family\Ali EUI\Software Design and Development\Project\E-Commerce-OMS\eoms\src\main\java\com\eoms\Controller\ManageProductCatalogController.java. Using fallback presentation compiler.
2026.03.06 21:47:19 INFO  no build target found for D:\Dropbox\Family\Ali EUI\Software Design and Development\Project\E-Commerce-OMS\eoms\src\main\java\com\eoms\Controller\ManageProductCatalogController.java. Using fallback presentation compiler.
2026.03.06 21:47:21 INFO  no build target found for D:\Dropbox\Family\Ali EUI\Software Design and Development\Project\E-Commerce-OMS\eoms\src\main\java\com\eoms\Controller\ManageProductCatalogController.java. Using fallback presentation compiler.
2026.03.06 21:47:24 INFO  no build target found for D:\Dropbox\Family\Ali EUI\Software Design and Development\Project\E-Commerce-OMS\eoms\src\main\java\com\eoms\Controller\ManageProductCatalogController.java. Using fallback presentation compiler.
2026.03.06 21:47:24 INFO  no build target found for D:\Dropbox\Family\Ali EUI\Software Design and Development\Project\E-Commerce-OMS\eoms\src\main\java\com\eoms\Controller\ManageProductCatalogController.java. Using fallback presentation compiler.
2026.03.06 21:47:24 INFO  no build target found for D:\Dropbox\Family\Ali EUI\Software Design and Development\Project\E-Commerce-OMS\eoms\src\main\java\com\eoms\Controller\ManageProductCatalogController.java. Using fallback presentation compiler.
2026.03.06 21:47:24 WARN  Running javac-semanticdb failed for file:///D:/Dropbox/Family/Ali%20EUI/Software%20Design%20and%20Development/Project/E-Commerce-OMS/eoms/src/main/java/com/eoms/Controller/ManageProductCatalogController.java. Output:

2026.03.06 21:47:24 INFO  no build target found for D:\Dropbox\Family\Ali EUI\Software Design and Development\Project\E-Commerce-OMS\eoms\src\main\java\com\eoms\Controller\ManageProductCatalogController.java. Using fallback presentation compiler.
2026.03.06 21:47:24 INFO  no build target found for D:\Dropbox\Family\Ali EUI\Software Design and Development\Project\E-Commerce-OMS\eoms\src\main\java\com\eoms\Controller\ManageProductCatalogController.java. Using fallback presentation compiler.
2026.03.06 21:48:01 INFO  no build target found for D:\Dropbox\Family\Ali EUI\Software Design and Development\Project\E-Commerce-OMS\eoms\src\main\java\com\eoms\Controller\PlaceOrderController.java. Using fallback presentation compiler.
2026.03.06 21:49:36 INFO  no build target found for D:\Dropbox\Family\Ali EUI\Software Design and Development\Project\E-Commerce-OMS\eoms\src\main\java\com\eoms\Controller\ManageProductCatalogController.java. Using fallback presentation compiler.
2026.03.06 21:49:36 INFO  no build target found for D:\Dropbox\Family\Ali EUI\Software Design and Development\Project\E-Commerce-OMS\eoms\src\main\java\com\eoms\Controller\ManageProductCatalogController.java. Using fallback presentation compiler.
2026.03.06 21:49:36 INFO  no build target found for D:\Dropbox\Family\Ali EUI\Software Design and Development\Project\E-Commerce-OMS\eoms\src\main\java\com\eoms\Controller\ManageProductCatalogController.java. Using fallback presentation compiler.
2026.03.06 21:49:38 INFO  no build target found for D:\Dropbox\Family\Ali EUI\Software Design and Development\Project\E-Commerce-OMS\eoms\src\main\java\com\eoms\Controller\ManageProductCatalogController.java. Using fallback presentation compiler.
2026.03.06 21:49:38 INFO  no build target found for D:\Dropbox\Family\Ali EUI\Software Design and Development\Project\E-Commerce-OMS\eoms\src\main\java\com\eoms\Controller\ManageProductCatalogController.java. Using fallback presentation compiler.
2026.03.06 21:49:38 INFO  no build target found for D:\Dropbox\Family\Ali EUI\Software Design and Development\Project\E-Commerce-OMS\eoms\src\main\java\com\eoms\Controller\ManageProductCatalogController.java. Using fallback presentation compiler.
2026.03.06 21:49:38 INFO  no build target found for D:\Dropbox\Family\Ali EUI\Software Design and Development\Project\E-Commerce-OMS\eoms\src\main\java\com\eoms\Controller\ManageProductCatalogController.java. Using fallback presentation compiler.
2026.03.06 21:49:38 WARN  Running javac-semanticdb failed for file:///D:/Dropbox/Family/Ali%20EUI/Software%20Design%20and%20Development/Project/E-Commerce-OMS/eoms/src/main/java/com/eoms/Controller/ManageProductCatalogController.java. Output:

2026.03.06 21:49:41 INFO  no build target found for D:\Dropbox\Family\Ali EUI\Software Design and Development\Project\E-Commerce-OMS\eoms\src\main\java\com\eoms\Controller\ManageProductCatalogController.java. Using fallback presentation compiler.
2026.03.06 21:49:42 INFO  no build target found for D:\Dropbox\Family\Ali EUI\Software Design and Development\Project\E-Commerce-OMS\eoms\src\main\java\com\eoms\Controller\ManageProductCatalogController.java. Using fallback presentation compiler.
2026.03.06 21:49:43 INFO  no build target found for D:\Dropbox\Family\Ali EUI\Software Design and Development\Project\E-Commerce-OMS\eoms\src\main\java\com\eoms\Controller\ManageProductCatalogController.java. Using fallback presentation compiler.
2026.03.06 21:49:43 INFO  no build target found for D:\Dropbox\Family\Ali EUI\Software Design and Development\Project\E-Commerce-OMS\eoms\src\main\java\com\eoms\Controller\ManageProductCatalogController.java. Using fallback presentation compiler.
2026.03.06 21:49:43 INFO  no build target found for D:\Dropbox\Family\Ali EUI\Software Design and Development\Project\E-Commerce-OMS\eoms\src\main\java\com\eoms\Controller\ManageProductCatalogController.java. Using fallback presentation compiler.
2026.03.06 21:49:44 INFO  no build target found for D:\Dropbox\Family\Ali EUI\Software Design and Development\Project\E-Commerce-OMS\eoms\src\main\java\com\eoms\Controller\ManageProductCatalogController.java. Using fallback presentation compiler.
2026.03.06 21:49:44 WARN  Running javac-semanticdb failed for file:///D:/Dropbox/Family/Ali%20EUI/Software%20Design%20and%20Development/Project/E-Commerce-OMS/eoms/src/main/java/com/eoms/Controller/ManageProductCatalogController.java. Output:

2026.03.06 21:49:43 INFO  no build target found for D:\Dropbox\Family\Ali EUI\Software Design and Development\Project\E-Commerce-OMS\eoms\src\main\java\com\eoms\Controller\ManageProductCatalogController.java. Using fallback presentation compiler.
2026.03.06 21:49:46 INFO  no build target found for D:\Dropbox\Family\Ali EUI\Software Design and Development\Project\E-Commerce-OMS\eoms\src\main\java\com\eoms\Controller\ManageProductCatalogController.java. Using fallback presentation compiler.
2026.03.06 21:49:46 INFO  no build target found for D:\Dropbox\Family\Ali EUI\Software Design and Development\Project\E-Commerce-OMS\eoms\src\main\java\com\eoms\Controller\ManageProductCatalogController.java. Using fallback presentation compiler.
2026.03.06 21:49:46 INFO  no build target found for D:\Dropbox\Family\Ali EUI\Software Design and Development\Project\E-Commerce-OMS\eoms\src\main\java\com\eoms\Controller\ManageProductCatalogController.java. Using fallback presentation compiler.
2026.03.06 21:49:46 WARN  Running javac-semanticdb failed for file:///D:/Dropbox/Family/Ali%20EUI/Software%20Design%20and%20Development/Project/E-Commerce-OMS/eoms/src/main/java/com/eoms/Controller/ManageProductCatalogController.java. Output:

2026.03.06 21:49:46 INFO  no build target found for D:\Dropbox\Family\Ali EUI\Software Design and Development\Project\E-Commerce-OMS\eoms\src\main\java\com\eoms\Controller\ManageProductCatalogController.java. Using fallback presentation compiler.
2026.03.06 21:49:46 INFO  no build target found for D:\Dropbox\Family\Ali EUI\Software Design and Development\Project\E-Commerce-OMS\eoms\src\main\java\com\eoms\Controller\ManageProductCatalogController.java. Using fallback presentation compiler.
2026.03.06 21:49:47 INFO  no build target found for D:\Dropbox\Family\Ali EUI\Software Design and Development\Project\E-Commerce-OMS\eoms\src\main\java\com\eoms\Controller\ManageProductCatalogController.java. Using fallback presentation compiler.
2026.03.06 21:49:46 WARN  Running javac-semanticdb failed for file:///D:/Dropbox/Family/Ali%20EUI/Software%20Design%20and%20Development/Project/E-Commerce-OMS/eoms/src/main/java/com/eoms/Controller/ManageProductCatalogController.java. Output:

2026.03.06 21:49:48 INFO  no build target found for D:\Dropbox\Family\Ali EUI\Software Design and Development\Project\E-Commerce-OMS\eoms\src\main\java\com\eoms\Controller\ManageProductCatalogController.java. Using fallback presentation compiler.
2026.03.06 21:49:49 INFO  no build target found for D:\Dropbox\Family\Ali EUI\Software Design and Development\Project\E-Commerce-OMS\eoms\src\main\java\com\eoms\Controller\ManageProductCatalogController.java. Using fallback presentation compiler.
2026.03.06 21:49:49 INFO  no build target found for D:\Dropbox\Family\Ali EUI\Software Design and Development\Project\E-Commerce-OMS\eoms\src\main\java\com\eoms\Controller\ManageProductCatalogController.java. Using fallback presentation compiler.
2026.03.06 21:49:49 INFO  no build target found for D:\Dropbox\Family\Ali EUI\Software Design and Development\Project\E-Commerce-OMS\eoms\src\main\java\com\eoms\Controller\ManageProductCatalogController.java. Using fallback presentation compiler.
2026.03.06 21:49:49 WARN  Running javac-semanticdb failed for file:///D:/Dropbox/Family/Ali%20EUI/Software%20Design%20and%20Development/Project/E-Commerce-OMS/eoms/src/main/java/com/eoms/Controller/ManageProductCatalogController.java. Output:

2026.03.06 21:49:51 INFO  no build target found for D:\Dropbox\Family\Ali EUI\Software Design and Development\Project\E-Commerce-OMS\eoms\src\main\java\com\eoms\Controller\ManageProductCatalogController.java. Using fallback presentation compiler.
2026.03.06 21:49:53 WARN  no build target for: D:\Dropbox\Family\Ali EUI\Software Design and Development\Project\E-Commerce-OMS\eoms\src\main\java\com\eoms\Controller\PlaceOrderController.java
2026.03.06 21:49:53 INFO  no build target found for D:\Dropbox\Family\Ali EUI\Software Design and Development\Project\E-Commerce-OMS\eoms\src\main\java\com\eoms\Controller\PlaceOrderController.java. Using fallback presentation compiler.
2026.03.06 21:49:53 WARN  Running javac-semanticdb failed for file:///D:/Dropbox/Family/Ali%20EUI/Software%20Design%20and%20Development/Project/E-Commerce-OMS/eoms/src/main/java/com/eoms/Controller/PlaceOrderController.java. Output:

2026.03.06 21:49:53 INFO  no build target found for D:\Dropbox\Family\Ali EUI\Software Design and Development\Project\E-Commerce-OMS\eoms\src\main\java\com\eoms\Controller\PlaceOrderController.java. Using fallback presentation compiler.
2026.03.06 21:49:53 INFO  no build target found for D:\Dropbox\Family\Ali EUI\Software Design and Development\Project\E-Commerce-OMS\eoms\src\main\java\com\eoms\Controller\PlaceOrderController.java. Using fallback presentation compiler.
2026.03.06 21:49:53 INFO  no build target found for D:\Dropbox\Family\Ali EUI\Software Design and Development\Project\E-Commerce-OMS\eoms\src\main\java\com\eoms\Controller\PlaceOrderController.java. Using fallback presentation compiler.
2026.03.06 21:49:53 INFO  no build target found for D:\Dropbox\Family\Ali EUI\Software Design and Development\Project\E-Commerce-OMS\eoms\src\main\java\com\eoms\Controller\ManageProductCatalogController.java. Using fallback presentation compiler.
2026.03.06 21:49:54 WARN  no build target for: D:\Dropbox\Family\Ali EUI\Software Design and Development\Project\E-Commerce-OMS\eoms\src\main\java\com\eoms\Controller\ManageProductCatalogController.java
2026.03.06 21:49:54 INFO  no build target found for D:\Dropbox\Family\Ali EUI\Software Design and Development\Project\E-Commerce-OMS\eoms\src\main\java\com\eoms\Controller\ManageProductCatalogController.java. Using fallback presentation compiler.
2026.03.06 21:49:54 INFO  no build target found for D:\Dropbox\Family\Ali EUI\Software Design and Development\Project\E-Commerce-OMS\eoms\src\main\java\com\eoms\Controller\ManageProductCatalogController.java. Using fallback presentation compiler.
2026.03.06 21:49:54 INFO  no build target found for D:\Dropbox\Family\Ali EUI\Software Design and Development\Project\E-Commerce-OMS\eoms\src\main\java\com\eoms\Controller\ManageProductCatalogController.java. Using fallback presentation compiler.
2026.03.06 21:49:57 INFO  no build target found for D:\Dropbox\Family\Ali EUI\Software Design and Development\Project\E-Commerce-OMS\eoms\src\main\java\com\eoms\Controller\ManageProductCatalogController.java. Using fallback presentation compiler.
2026.03.06 21:49:57 INFO  no build target found for D:\Dropbox\Family\Ali EUI\Software Design and Development\Project\E-Commerce-OMS\eoms\src\main\java\com\eoms\Controller\ManageProductCatalogController.java. Using fallback presentation compiler.
2026.03.06 21:49:59 INFO  no build target found for D:\Dropbox\Family\Ali EUI\Software Design and Development\Project\E-Commerce-OMS\eoms\src\main\java\com\eoms\Controller\ManageProductCatalogController.java. Using fallback presentation compiler.
2026.03.06 21:49:59 INFO  no build target found for D:\Dropbox\Family\Ali EUI\Software Design and Development\Project\E-Commerce-OMS\eoms\src\main\java\com\eoms\Controller\ManageProductCatalogController.java. Using fallback presentation compiler.
2026.03.06 21:49:59 WARN  Running javac-semanticdb failed for file:///D:/Dropbox/Family/Ali%20EUI/Software%20Design%20and%20Development/Project/E-Commerce-OMS/eoms/src/main/java/com/eoms/Controller/ManageProductCatalogController.java. Output:

2026.03.06 21:50:00 INFO  no build target found for D:\Dropbox\Family\Ali EUI\Software Design and Development\Project\E-Commerce-OMS\eoms\src\main\java\com\eoms\Controller\ManageProductCatalogController.java. Using fallback presentation compiler.
2026.03.06 21:50:00 INFO  no build target found for D:\Dropbox\Family\Ali EUI\Software Design and Development\Project\E-Commerce-OMS\eoms\src\main\java\com\eoms\Controller\ManageProductCatalogController.java. Using fallback presentation compiler.
2026.03.06 21:50:00 INFO  no build target found for D:\Dropbox\Family\Ali EUI\Software Design and Development\Project\E-Commerce-OMS\eoms\src\main\java\com\eoms\Controller\ManageProductCatalogController.java. Using fallback presentation compiler.
2026.03.06 21:50:00 WARN  Running javac-semanticdb failed for file:///D:/Dropbox/Family/Ali%20EUI/Software%20Design%20and%20Development/Project/E-Commerce-OMS/eoms/src/main/java/com/eoms/Controller/ManageProductCatalogController.java. Output:

2026.03.06 21:50:00 INFO  no build target found for D:\Dropbox\Family\Ali EUI\Software Design and Development\Project\E-Commerce-OMS\eoms\src\main\java\com\eoms\Controller\ManageProductCatalogController.java. Using fallback presentation compiler.
2026.03.06 21:50:01 INFO  no build target found for D:\Dropbox\Family\Ali EUI\Software Design and Development\Project\E-Commerce-OMS\eoms\src\main\java\com\eoms\Controller\ManageProductCatalogController.java. Using fallback presentation compiler.
2026.03.06 21:50:01 WARN  Running javac-semanticdb failed for file:///D:/Dropbox/Family/Ali%20EUI/Software%20Design%20and%20Development/Project/E-Commerce-OMS/eoms/src/main/java/com/eoms/Controller/ManageProductCatalogController.java. Output:

2026.03.06 21:50:03 INFO  no build target found for D:\Dropbox\Family\Ali EUI\Software Design and Development\Project\E-Commerce-OMS\eoms\src\main\java\com\eoms\Controller\ManageProductCatalogController.java. Using fallback presentation compiler.
2026.03.06 21:50:03 WARN  Running javac-semanticdb failed for file:///D:/Dropbox/Family/Ali%20EUI/Software%20Design%20and%20Development/Project/E-Commerce-OMS/eoms/src/main/java/com/eoms/Controller/ManageProductCatalogController.java. Output:

2026.03.06 21:50:03 INFO  no build target found for D:\Dropbox\Family\Ali EUI\Software Design and Development\Project\E-Commerce-OMS\eoms\src\main\java\com\eoms\Controller\ManageProductCatalogController.java. Using fallback presentation compiler.
2026.03.06 21:50:03 INFO  no build target found for D:\Dropbox\Family\Ali EUI\Software Design and Development\Project\E-Commerce-OMS\eoms\src\main\java\com\eoms\Controller\ManageProductCatalogController.java. Using fallback presentation compiler.
2026.03.06 21:50:03 INFO  no build target found for D:\Dropbox\Family\Ali EUI\Software Design and Development\Project\E-Commerce-OMS\eoms\src\main\java\com\eoms\Controller\ManageProductCatalogController.java. Using fallback presentation compiler.
2026.03.06 21:50:03 WARN  Running javac-semanticdb failed for file:///D:/Dropbox/Family/Ali%20EUI/Software%20Design%20and%20Development/Project/E-Commerce-OMS/eoms/src/main/java/com/eoms/Controller/ManageProductCatalogController.java. Output:

2026.03.06 21:50:04 INFO  no build target found for D:\Dropbox\Family\Ali EUI\Software Design and Development\Project\E-Commerce-OMS\eoms\src\main\java\com\eoms\Controller\ManageProductCatalogController.java. Using fallback presentation compiler.
2026.03.06 21:50:06 INFO  no build target found for D:\Dropbox\Family\Ali EUI\Software Design and Development\Project\E-Commerce-OMS\eoms\src\main\java\com\eoms\Controller\ManageProductCatalogController.java. Using fallback presentation compiler.
2026.03.06 21:50:28 INFO  no build target found for D:\Dropbox\Family\Ali EUI\Software Design and Development\Project\E-Commerce-OMS\eoms\src\main\java\com\eoms\Controller\PlaceOrderController.java. Using fallback presentation compiler.
2026.03.06 21:50:28 WARN  no build target for: D:\Dropbox\Family\Ali EUI\Software Design and Development\Project\E-Commerce-OMS\eoms\src\main\java\com\eoms\Main.java
2026.03.06 21:50:28 INFO  no build target found for D:\Dropbox\Family\Ali EUI\Software Design and Development\Project\E-Commerce-OMS\eoms\src\main\java\com\eoms\Main.java. Using fallback presentation compiler.
2026.03.06 21:50:28 INFO  no build target found for D:\Dropbox\Family\Ali EUI\Software Design and Development\Project\E-Commerce-OMS\eoms\src\main\java\com\eoms\Main.java. Using fallback presentation compiler.
2026.03.06 21:50:28 WARN  Running javac-semanticdb failed for file:///D:/Dropbox/Family/Ali%20EUI/Software%20Design%20and%20Development/Project/E-Commerce-OMS/eoms/src/main/java/com/eoms/Main.java. Output:

2026.03.06 21:50:28 INFO  no build target found for D:\Dropbox\Family\Ali EUI\Software Design and Development\Project\E-Commerce-OMS\eoms\src\main\java\com\eoms\Main.java. Using fallback presentation compiler.
2026.03.06 21:50:32 WARN  no build target for: D:\Dropbox\Family\Ali EUI\Software Design and Development\Project\E-Commerce-OMS\eoms\src\main\java\com\eoms\Controller\ManageProductCatalogController.java
2026.03.06 21:50:32 INFO  no build target found for D:\Dropbox\Family\Ali EUI\Software Design and Development\Project\E-Commerce-OMS\eoms\src\main\java\com\eoms\Main.java. Using fallback presentation compiler.
2026.03.06 21:51:11 INFO  no build target found for D:\Dropbox\Family\Ali EUI\Software Design and Development\Project\E-Commerce-OMS\eoms\src\main\java\com\eoms\Main.java. Using fallback presentation compiler.
2026.03.06 21:51:11 INFO  no build target found for D:\Dropbox\Family\Ali EUI\Software Design and Development\Project\E-Commerce-OMS\eoms\src\main\java\com\eoms\Main.java. Using fallback presentation compiler.
2026.03.06 21:51:12 INFO  Shutting down server
2026.03.06 21:51:12 INFO  Memory monitor stopped
2026.03.06 21:51:12 INFO  shutting down Metals
2026.03.06 21:51:12 INFO  Shut down connection with build server.
2026.03.06 21:51:12 INFO  Exiting server
